<?xml version="1.0" encoding="UTF-8"?>
<!-- Generated by org.testng.reporters.JUnitReportReporter -->
<testsuite hostname="Kop" failures="0" tests="1" name="com.zombieclothing.testCases.TC_SearchProduct_001" time="5.945" errors="0" timestamp="2021-09-25T10:01:49 ICT" skipped="0">
  <testcase classname="com.zombieclothing.testCases.TC_SearchProduct_001" name="searchProductTest" time="5.945"/>
  <system-out/>
</testsuite> <!-- com.zombieclothing.testCases.TC_SearchProduct_001 -->
