<?xml version="1.0" encoding="UTF-8"?>
<!-- Generated by org.testng.reporters.JUnitReportReporter -->
<testsuite hostname="Kop" failures="0" tests="3" name="com.zombieclothing.testCases.TC_LogInDDTTest_002" time="24.242" errors="0" timestamp="2021-10-06T20:38:58 ICT" skipped="0">
  <testcase classname="com.zombieclothing.testCases.TC_LogInDDTTest_002" name="LogInDDT" time="8.503"/>
  <system-out/>
  <testcase classname="com.zombieclothing.testCases.TC_LogInDDTTest_002" name="LogInDDT" time="6.225"/>
  <system-out/>
  <testcase classname="com.zombieclothing.testCases.TC_LogInDDTTest_002" name="LogInDDT" time="9.514"/>
  <system-out/>
</testsuite> <!-- com.zombieclothing.testCases.TC_LogInDDTTest_002 -->
