<?xml version="1.0" encoding="UTF-8"?>
<!-- Generated by org.testng.reporters.JUnitReportReporter -->
<testsuite hostname="Kop" failures="0" tests="1" name="com.zombieclothing.testCases.TC_LogInTest_001" time="4.653" errors="0" timestamp="2021-09-22T11:48:11 ICT" skipped="0">
  <testcase classname="com.zombieclothing.testCases.TC_LogInTest_001" name="logInTest" time="4.653"/>
  <system-out/>
</testsuite> <!-- com.zombieclothing.testCases.TC_LogInTest_001 -->
