<?xml version="1.0" encoding="UTF-8"?>
<!-- Generated by org.testng.reporters.JUnitReportReporter -->
<testsuite hostname="Kop" failures="0" tests="3" name="com.zombieclothing.testCases.TCs_HomePageNavigation" time="27.822" errors="0" timestamp="2021-10-15T15:11:08 ICT" skipped="0">
  <testcase classname="com.zombieclothing.testCases.TCs_HomePageNavigation" name="homePageNavigationTest4" time="9.331"/>
  <system-out/>
  <testcase classname="com.zombieclothing.testCases.TCs_HomePageNavigation" name="homePageNavigationTest4" time="8.722"/>
  <system-out/>
  <testcase classname="com.zombieclothing.testCases.TCs_HomePageNavigation" name="homePageNavigationTest4" time="9.769"/>
  <system-out/>
</testsuite> <!-- com.zombieclothing.testCases.TCs_HomePageNavigation -->
