<?xml version="1.0" encoding="UTF-8"?>
<!-- Generated by org.testng.reporters.JUnitReportReporter -->
<testsuite hostname="Kop" failures="0" tests="1" name="com.zombieclothing.testCases.TCs_SearchProduct" time="20.011" errors="0" timestamp="2021-11-05T18:42:10 ICT" skipped="0">
  <testcase classname="com.zombieclothing.testCases.TCs_SearchProduct" name="searchProductTest2" time="20.011"/>
  <system-out/>
</testsuite> <!-- com.zombieclothing.testCases.TCs_SearchProduct -->
