<?xml version="1.0" encoding="UTF-8"?>
<!-- Generated by org.testng.reporters.JUnitReportReporter -->
<testsuite hostname="Kop" failures="0" tests="1" name="com.zombieclothing.testCases.TCs_HomePageNavigation" time="8.663" errors="0" timestamp="2021-10-14T15:19:18 ICT" skipped="0">
  <testcase classname="com.zombieclothing.testCases.TCs_HomePageNavigation" name="homePageNavigationTest1" time="8.663"/>
  <system-out/>
</testsuite> <!-- com.zombieclothing.testCases.TCs_HomePageNavigation -->
