<?xml version="1.0" encoding="UTF-8"?>
<!-- Generated by org.testng.reporters.JUnitReportReporter -->
<testsuite hostname="Kop" failures="0" tests="1" name="com.zombieclothing.testCases.TCs_ViewProductDetail" time="6.808" errors="0" timestamp="2021-10-09T08:52:32 ICT" skipped="0">
  <testcase classname="com.zombieclothing.testCases.TCs_ViewProductDetail" name="viewProductTest001" time="6.808"/>
  <system-out/>
</testsuite> <!-- com.zombieclothing.testCases.TCs_ViewProductDetail -->
