<?xml version="1.0" encoding="UTF-8"?>
<!-- Generated by org.testng.reporters.JUnitReportReporter -->
<testsuite hostname="Kop" failures="0" tests="1" name="com.zombieclothing.testCases.TCs_LogInTest" time="6.032" errors="0" timestamp="2021-10-09T09:10:41 ICT" skipped="0">
  <testcase classname="com.zombieclothing.testCases.TCs_LogInTest" name="logInTest1" time="6.032"/>
  <system-out/>
</testsuite> <!-- com.zombieclothing.testCases.TCs_LogInTest -->
