<?xml version="1.0" encoding="UTF-8"?>
<!-- Generated by org.testng.reporters.JUnitReportReporter -->
<testsuite hostname="Kop" failures="0" tests="4" name="com.zombieclothing.testCases.TC_ViewProduct_001" time="24.535" errors="0" timestamp="2021-10-07T15:14:14 ICT" skipped="0">
  <testcase classname="com.zombieclothing.testCases.TC_ViewProduct_001" name="viewSanPhamKhacByProductType" time="6.810"/>
  <system-out/>
  <testcase classname="com.zombieclothing.testCases.TC_ViewProduct_001" name="viewSweaterHoodieByProductType" time="5.832"/>
  <system-out/>
  <testcase classname="com.zombieclothing.testCases.TC_ViewProduct_001" name="viewAoByProductType" time="5.981"/>
  <system-out/>
  <testcase classname="com.zombieclothing.testCases.TC_ViewProduct_001" name="viewAoThunSoMiByProductType" time="5.912"/>
  <system-out/>
</testsuite> <!-- com.zombieclothing.testCases.TC_ViewProduct_001 -->
