<?xml version="1.0" encoding="UTF-8"?>
<!-- Generated by org.testng.reporters.JUnitReportReporter -->
<testsuite hostname="Kop" failures="0" tests="1" name="com.zombieclothing.testCases.TC_SignUpTest_001" time="5.964" errors="0" timestamp="2021-09-21T14:44:58 ICT" skipped="0">
  <testcase classname="com.zombieclothing.testCases.TC_SignUpTest_001" name="signUpTest" time="5.964"/>
  <system-out/>
</testsuite> <!-- com.zombieclothing.testCases.TC_SignUpTest_001 -->
