<?xml version="1.0" encoding="UTF-8"?>
<!-- Generated by org.testng.reporters.JUnitReportReporter -->
<testsuite hostname="Kop" failures="0" tests="1" name="com.zombieclothing.testCases.TCs_HomePageNavigation" time="9.401" errors="0" timestamp="2021-10-12T12:21:16 ICT" skipped="0">
  <testcase classname="com.zombieclothing.testCases.TCs_HomePageNavigation" name="homePageNavigationTest4" time="9.401"/>
  <system-out/>
</testsuite> <!-- com.zombieclothing.testCases.TCs_HomePageNavigation -->
