<?xml version="1.0" encoding="UTF-8"?>
<!-- Generated by org.testng.reporters.JUnitReportReporter -->
<testsuite hostname="Kop" failures="0" tests="5" name="com.zombieclothing.testCases.TC_LogInDDTTest_002" time="55.901" errors="0" timestamp="2021-09-22T18:52:56 ICT" skipped="0">
  <testcase classname="com.zombieclothing.testCases.TC_LogInDDTTest_002" name="LogInDDT" time="10.645"/>
  <system-out/>
  <testcase classname="com.zombieclothing.testCases.TC_LogInDDTTest_002" name="LogInDDT" time="7.857"/>
  <system-out/>
  <testcase classname="com.zombieclothing.testCases.TC_LogInDDTTest_002" name="LogInDDT" time="17.778"/>
  <system-out/>
  <testcase classname="com.zombieclothing.testCases.TC_LogInDDTTest_002" name="LogInDDT" time="10.613"/>
  <system-out/>
  <testcase classname="com.zombieclothing.testCases.TC_LogInDDTTest_002" name="LogInDDT" time="9.008"/>
  <system-out/>
</testsuite> <!-- com.zombieclothing.testCases.TC_LogInDDTTest_002 -->
