<?xml version="1.0" encoding="UTF-8"?>
<!-- Generated by org.testng.reporters.JUnitReportReporter -->
<testsuite hostname="Kop" failures="0" tests="1" name="com.zombieclothing.testCases.TCs_LogInTest" time="7.725" errors="0" timestamp="2021-10-11T22:32:29 ICT" skipped="0">
  <testcase classname="com.zombieclothing.testCases.TCs_LogInTest" name="logInTest10" time="7.725"/>
  <system-out/>
</testsuite> <!-- com.zombieclothing.testCases.TCs_LogInTest -->
