<?xml version="1.0" encoding="UTF-8"?>
<!-- Generated by org.testng.reporters.JUnitReportReporter -->
<testsuite hostname="Kop" failures="0" tests="1" name="com.zombieclothing.testCases.TC_SearchProduct_001" time="4.301" errors="0" timestamp="2021-09-22T22:46:37 ICT" skipped="0">
  <testcase classname="com.zombieclothing.testCases.TC_SearchProduct_001" name="searchProductTest" time="4.301"/>
  <system-out/>
</testsuite> <!-- com.zombieclothing.testCases.TC_SearchProduct_001 -->
