<?xml version="1.0" encoding="UTF-8"?>
<!-- Generated by org.testng.reporters.JUnitReportReporter -->
<testsuite hostname="Kop" failures="0" tests="1" name="com.zombieclothing.testCases.TCs_AddToCart" time="14.311" errors="0" timestamp="2021-10-22T00:06:50 ICT" skipped="0">
  <testcase classname="com.zombieclothing.testCases.TCs_AddToCart" name="addToCartTest2" time="14.311"/>
  <system-out/>
</testsuite> <!-- com.zombieclothing.testCases.TCs_AddToCart -->
