<?xml version="1.0" encoding="UTF-8"?>
<!-- Generated by org.testng.reporters.JUnitReportReporter -->
<testsuite hostname="Kop" failures="0" tests="1" name="com.zombieclothing.testCases.TCs_SignUp" time="10.179" errors="0" timestamp="2021-10-12T02:17:32 ICT" skipped="0">
  <testcase classname="com.zombieclothing.testCases.TCs_SignUp" name="signUpTest10" time="10.179"/>
  <system-out/>
</testsuite> <!-- com.zombieclothing.testCases.TCs_SignUp -->
