<?xml version="1.0" encoding="UTF-8"?>
<!-- Generated by org.testng.reporters.JUnitReportReporter -->
<testsuite hostname="Kop" failures="0" tests="1" name="com.zombieclothing.testCases.TC_ViewProduct_001" time="4.761" errors="0" timestamp="2021-09-22T23:34:28 ICT" skipped="0">
  <testcase classname="com.zombieclothing.testCases.TC_ViewProduct_001" name="viewProductType" time="4.761"/>
  <system-out/>
</testsuite> <!-- com.zombieclothing.testCases.TC_ViewProduct_001 -->
