<?xml version="1.0" encoding="UTF-8"?>
<!-- Generated by org.testng.reporters.JUnitReportReporter -->
<testsuite hostname="Kop" failures="0" tests="1" name="com.zombieclothing.testCases.TCs_SignUp" time="13.250" errors="0" timestamp="2021-10-12T11:16:00 ICT" skipped="0">
  <testcase classname="com.zombieclothing.testCases.TCs_SignUp" name="signUpTest4" time="13.250"/>
  <system-out/>
</testsuite> <!-- com.zombieclothing.testCases.TCs_SignUp -->
