<?xml version="1.0" encoding="UTF-8"?>
<!-- Generated by org.testng.reporters.JUnitReportReporter -->
<testsuite hostname="Kop" failures="0" tests="1" name="com.zombieclothing.testCases.TC_SearchProduct" time="8.964" errors="0" timestamp="2021-10-13T20:11:49 ICT" skipped="0">
  <testcase classname="com.zombieclothing.testCases.TC_SearchProduct" name="searchProductTest" time="8.964"/>
  <system-out/>
</testsuite> <!-- com.zombieclothing.testCases.TC_SearchProduct -->
