<?xml version="1.0" encoding="UTF-8"?>
<!-- Generated by org.testng.reporters.JUnitReportReporter -->
<testsuite hostname="Kop" failures="0" tests="1" name="com.zombieclothing.testCases.TCs_ViewNewProductDetail" time="10.622" errors="0" timestamp="2021-10-11T20:14:43 ICT" skipped="0">
  <testcase classname="com.zombieclothing.testCases.TCs_ViewNewProductDetail" name="viewProductTest003" time="10.622"/>
  <system-out/>
</testsuite> <!-- com.zombieclothing.testCases.TCs_ViewNewProductDetail -->
