<?xml version="1.0" encoding="UTF-8"?>
<!-- Generated by org.testng.reporters.JUnitReportReporter -->
<testsuite hostname="Kop" failures="0" tests="1" name="com.zombieclothing.testCases.TC_ViewProduct_001" time="7.286" errors="0" timestamp="2021-09-24T23:50:34 ICT" skipped="0">
  <testcase classname="com.zombieclothing.testCases.TC_ViewProduct_001" name="viewKinhByProductType" time="7.286"/>
  <system-out/>
</testsuite> <!-- com.zombieclothing.testCases.TC_ViewProduct_001 -->
