<?xml version="1.0" encoding="UTF-8"?>
<!-- Generated by org.testng.reporters.JUnitReportReporter -->
<testsuite hostname="Kop" failures="0" tests="1" name="com.zombieclothing.testCases.TC_LogInTest_001" time="6.385" errors="0" timestamp="2021-09-23T23:38:53 ICT" skipped="0">
  <testcase classname="com.zombieclothing.testCases.TC_LogInTest_001" name="logInTest" time="6.385"/>
  <system-out/>
</testsuite> <!-- com.zombieclothing.testCases.TC_LogInTest_001 -->
