<?xml version="1.0" encoding="UTF-8"?>
<!-- Generated by org.testng.reporters.JUnitReportReporter -->
<testsuite hostname="Kop" failures="0" tests="1" name="com.zombieclothing.testCases.TC_SearchProduct" time="31.107" errors="0" timestamp="2021-10-14T19:55:57 ICT" skipped="0">
  <testcase classname="com.zombieclothing.testCases.TC_SearchProduct" name="searchProductTest" time="31.107"/>
  <system-out/>
</testsuite> <!-- com.zombieclothing.testCases.TC_SearchProduct -->
