<?xml version="1.0" encoding="UTF-8"?>
<!-- Generated by org.testng.reporters.JUnitReportReporter -->
<testsuite hostname="Kop" failures="0" tests="10" name="com.zombieclothing.testCases.TCs_LogIn" time="59.632" errors="0" timestamp="2021-10-11T23:13:54 ICT" skipped="0">
  <testcase classname="com.zombieclothing.testCases.TCs_LogIn" name="logInTest9" time="7.186"/>
  <system-out/>
  <testcase classname="com.zombieclothing.testCases.TCs_LogIn" name="logInDDT" time="6.419"/>
  <system-out/>
  <testcase classname="com.zombieclothing.testCases.TCs_LogIn" name="logInDDT" time="5.886"/>
  <system-out/>
  <testcase classname="com.zombieclothing.testCases.TCs_LogIn" name="logInTest5" time="5.887"/>
  <system-out/>
  <testcase classname="com.zombieclothing.testCases.TCs_LogIn" name="logInDDT" time="6.202"/>
  <system-out/>
  <testcase classname="com.zombieclothing.testCases.TCs_LogIn" name="logInTest1" time="4.800"/>
  <system-out/>
  <testcase classname="com.zombieclothing.testCases.TCs_LogIn" name="logInTest3" time="5.419"/>
  <system-out/>
  <testcase classname="com.zombieclothing.testCases.TCs_LogIn" name="logInTest4" time="5.434"/>
  <system-out/>
  <testcase classname="com.zombieclothing.testCases.TCs_LogIn" name="logInTest10" time="7.177"/>
  <system-out/>
  <testcase classname="com.zombieclothing.testCases.TCs_LogIn" name="logInTest2" time="5.222"/>
  <system-out/>
</testsuite> <!-- com.zombieclothing.testCases.TCs_LogIn -->
