<?xml version="1.0" encoding="UTF-8"?>
<!-- Generated by org.testng.reporters.JUnitReportReporter -->
<testsuite hostname="Kop" failures="0" tests="1" name="com.zombieclothing.testCases.TCs_AddToCart" time="9.892" errors="0" timestamp="2021-10-21T19:02:42 ICT" skipped="0">
  <testcase classname="com.zombieclothing.testCases.TCs_AddToCart" name="addToCartTest1" time="9.892"/>
  <system-out/>
</testsuite> <!-- com.zombieclothing.testCases.TCs_AddToCart -->
