<?xml version="1.0" encoding="UTF-8"?>
<!-- Generated by org.testng.reporters.JUnitReportReporter -->
<testsuite hostname="Kop" failures="0" tests="1" name="com.zombieclothing.testCases.TCs_ViewNewProductDetail" time="8.036" errors="0" timestamp="2021-10-10T19:24:05 ICT" skipped="0">
  <testcase classname="com.zombieclothing.testCases.TCs_ViewNewProductDetail" name="viewProductTest001" time="8.036"/>
  <system-out/>
</testsuite> <!-- com.zombieclothing.testCases.TCs_ViewNewProductDetail -->
