<?xml version="1.0" encoding="UTF-8"?>
<!-- Generated by org.testng.reporters.JUnitReportReporter -->
<testsuite hostname="Kop" failures="0" tests="4" name="com.zombieclothing.testCases.TCs_HomePageNavigation" time="36.466" errors="0" timestamp="2021-10-13T09:53:07 ICT" skipped="0">
  <testcase classname="com.zombieclothing.testCases.TCs_HomePageNavigation" name="homePageNavigationTest2" time="10.430"/>
  <system-out/>
  <testcase classname="com.zombieclothing.testCases.TCs_HomePageNavigation" name="homePageNavigationTest4" time="8.358"/>
  <system-out/>
  <testcase classname="com.zombieclothing.testCases.TCs_HomePageNavigation" name="homePageNavigationTest3" time="9.705"/>
  <system-out/>
  <testcase classname="com.zombieclothing.testCases.TCs_HomePageNavigation" name="homePageNavigationTest1" time="7.973"/>
  <system-out/>
</testsuite> <!-- com.zombieclothing.testCases.TCs_HomePageNavigation -->
