<?xml version="1.0" encoding="UTF-8"?>
<!-- Generated by org.testng.reporters.JUnitReportReporter -->
<testsuite hostname="Kop" failures="0" tests="1" name="com.zombieclothing.testCases.TCs_LogOut" time="9.534" errors="0" timestamp="2021-10-11T23:11:38 ICT" skipped="0">
  <testcase classname="com.zombieclothing.testCases.TCs_LogOut" name="logOutTest2" time="9.534"/>
  <system-out/>
</testsuite> <!-- com.zombieclothing.testCases.TCs_LogOut -->
