<?xml version="1.0" encoding="UTF-8"?>
<!-- Generated by org.testng.reporters.JUnitReportReporter -->
<testsuite hostname="Kop" failures="0" tests="3" name="com.zombieclothing.testCases.TCs_SearchProduct" time="42.112" errors="0" timestamp="2021-10-15T19:23:07 ICT" skipped="0">
  <testcase classname="com.zombieclothing.testCases.TCs_SearchProduct" name="searchProductTest1" time="11.005"/>
  <system-out/>
  <testcase classname="com.zombieclothing.testCases.TCs_SearchProduct" name="searchProductTest2" time="23.878"/>
  <system-out/>
  <testcase classname="com.zombieclothing.testCases.TCs_SearchProduct" name="searchProductTest3" time="7.229"/>
  <system-out/>
</testsuite> <!-- com.zombieclothing.testCases.TCs_SearchProduct -->
