<?xml version="1.0" encoding="UTF-8"?>
<!-- Generated by org.testng.reporters.JUnitReportReporter -->
<testsuite hostname="Kop" failures="0" tests="1" name="com.zombieclothing.testCases.TC_SignUpTest_001" time="7.260" errors="0" timestamp="2021-09-22T22:11:54 ICT" skipped="0">
  <testcase classname="com.zombieclothing.testCases.TC_SignUpTest_001" name="signUpTest" time="7.260"/>
  <system-out/>
</testsuite> <!-- com.zombieclothing.testCases.TC_SignUpTest_001 -->
