<?xml version="1.0" encoding="UTF-8"?>
<!-- Generated by org.testng.reporters.JUnitReportReporter -->
<testsuite hostname="Kop" failures="0" tests="1" name="com.zombieclothing.testCases.TCs_ViewProductByHomepage" time="9.496" errors="0" timestamp="2021-10-13T10:31:26 ICT" skipped="0">
  <testcase classname="com.zombieclothing.testCases.TCs_ViewProductByHomepage" name="viewWalletChainByProductType" time="9.496"/>
  <system-out/>
</testsuite> <!-- com.zombieclothing.testCases.TCs_ViewProductByHomepage -->
