<?xml version="1.0" encoding="UTF-8"?>
<!-- Generated by org.testng.reporters.JUnitReportReporter -->
<testsuite hostname="Kop" failures="0" tests="1" name="com.zombieclothing.testCases.TCs_ViewNewProductDetail" time="7.423" errors="0" timestamp="2021-10-19T15:09:23 ICT" skipped="0">
  <testcase classname="com.zombieclothing.testCases.TCs_ViewNewProductDetail" name="viewProductTest012" time="7.423"/>
  <system-out/>
</testsuite> <!-- com.zombieclothing.testCases.TCs_ViewNewProductDetail -->
