<?xml version="1.0" encoding="UTF-8"?>
<!-- Generated by org.testng.reporters.JUnitReportReporter -->
<testsuite hostname="Kop" failures="0" tests="4" name="com.zombieclothing.testCases.TC_ViewProduct_001" time="28.452" errors="0" timestamp="2021-10-01T07:20:43 ICT" skipped="0">
  <testcase classname="com.zombieclothing.testCases.TC_ViewProduct_001" name="viewSanPhamKhacByProductType" time="6.896"/>
  <system-out/>
  <testcase classname="com.zombieclothing.testCases.TC_ViewProduct_001" name="viewSweaterHoodieByProductType" time="6.994"/>
  <system-out/>
  <testcase classname="com.zombieclothing.testCases.TC_ViewProduct_001" name="viewAoByProductType" time="7.104"/>
  <system-out/>
  <testcase classname="com.zombieclothing.testCases.TC_ViewProduct_001" name="viewAoThunSoMiByProductType" time="7.458"/>
  <system-out/>
</testsuite> <!-- com.zombieclothing.testCases.TC_ViewProduct_001 -->
