<?xml version="1.0" encoding="UTF-8"?>
<!-- Generated by org.testng.reporters.JUnitReportReporter -->
<testsuite hostname="Kop" failures="0" tests="1" name="com.zombieclothing.testCases.TC_SearchProduct" time="14.435" errors="0" timestamp="2021-10-15T15:20:05 ICT" skipped="0">
  <testcase classname="com.zombieclothing.testCases.TC_SearchProduct" name="searchProductTest" time="14.435"/>
  <system-out/>
</testsuite> <!-- com.zombieclothing.testCases.TC_SearchProduct -->
