<?xml version="1.0" encoding="UTF-8"?>
<!-- Generated by org.testng.reporters.JUnitReportReporter -->
<testsuite hostname="Kop" failures="0" tests="13" name="com.zombieclothing.testCases.TC_ViewProduct_001" time="74.101" errors="0" timestamp="2021-09-23T23:29:47 ICT" skipped="0">
  <testcase classname="com.zombieclothing.testCases.TC_ViewProduct_001" name="viewNhanByProductType" time="5.286"/>
  <system-out/>
  <testcase classname="com.zombieclothing.testCases.TC_ViewProduct_001" name="viewSetByProductType" time="5.032"/>
  <system-out/>
  <testcase classname="com.zombieclothing.testCases.TC_ViewProduct_001" name="viewKinhByProductType" time="5.215"/>
  <system-out/>
  <testcase classname="com.zombieclothing.testCases.TC_ViewProduct_001" name="viewMuByProductType" time="5.448"/>
  <system-out/>
  <testcase classname="com.zombieclothing.testCases.TC_ViewProduct_001" name="viewQuanShortByProductType" time="5.484"/>
  <system-out/>
  <testcase classname="com.zombieclothing.testCases.TC_ViewProduct_001" name="viewAoByProductType" time="5.722"/>
  <system-out/>
  <testcase classname="com.zombieclothing.testCases.TC_ViewProduct_001" name="viewPhuKienByProductType" time="5.054"/>
  <system-out/>
  <testcase classname="com.zombieclothing.testCases.TC_ViewProduct_001" name="viewQuanByProductType" time="5.646"/>
  <system-out/>
  <testcase classname="com.zombieclothing.testCases.TC_ViewProduct_001" name="viewSweaterHoodieByProductType" time="5.501"/>
  <system-out/>
  <testcase classname="com.zombieclothing.testCases.TC_ViewProduct_001" name="viewSanPhamKhacByProductType" time="5.420"/>
  <system-out/>
  <testcase classname="com.zombieclothing.testCases.TC_ViewProduct_001" name="viewAoThunSoMiByProductType" time="8.927"/>
  <system-out/>
  <testcase classname="com.zombieclothing.testCases.TC_ViewProduct_001" name="viewQuanDaiByProductType" time="5.889"/>
  <system-out/>
  <testcase classname="com.zombieclothing.testCases.TC_ViewProduct_001" name="viewWalletChainByProductType" time="5.477"/>
  <system-out/>
</testsuite> <!-- com.zombieclothing.testCases.TC_ViewProduct_001 -->
