<?xml version="1.0" encoding="UTF-8"?>
<!-- Generated by org.testng.reporters.JUnitReportReporter -->
<testsuite hostname="Kop" failures="0" tests="3" name="com.zombieclothing.testCases.TC_LogInTest_001" time="18.076" errors="0" timestamp="2021-10-07T16:32:24 ICT" skipped="0">
  <testcase classname="com.zombieclothing.testCases.TC_LogInTest_001" name="LogInDDT" time="6.392"/>
  <system-out/>
  <testcase classname="com.zombieclothing.testCases.TC_LogInTest_001" name="LogInDDT" time="5.455"/>
  <system-out/>
  <testcase classname="com.zombieclothing.testCases.TC_LogInTest_001" name="LogInDDT" time="6.229"/>
  <system-out/>
</testsuite> <!-- com.zombieclothing.testCases.TC_LogInTest_001 -->
