<?xml version="1.0" encoding="UTF-8"?>
<!-- Generated by org.testng.reporters.JUnitReportReporter -->
<testsuite hostname="Kop" failures="0" tests="1" name="com.zombieclothing.testCases.TC_LoginTest_001" time="4.995" errors="0" timestamp="2021-09-21T14:13:16 ICT" skipped="0">
  <testcase classname="com.zombieclothing.testCases.TC_LoginTest_001" name="loginTest" time="4.995"/>
  <system-out/>
</testsuite> <!-- com.zombieclothing.testCases.TC_LoginTest_001 -->
