<?xml version="1.0" encoding="UTF-8"?>
<!-- Generated by org.testng.reporters.JUnitReportReporter -->
<testsuite hostname="Kop" failures="0" tests="1" name="com.zombieclothing.testCases.TCs_LogIn" time="6.661" errors="0" timestamp="2021-10-14T16:56:45 ICT" skipped="0">
  <testcase classname="com.zombieclothing.testCases.TCs_LogIn" name="logInTest2" time="6.661"/>
  <system-out/>
</testsuite> <!-- com.zombieclothing.testCases.TCs_LogIn -->
